
Log for 'min_Variance' Clone_2 (V12.6.3.0) Sun Jul 03 13:49:26 2016

Number of nonzeros in lower triangle of Q = 190
Using Approximate Minimum Degree ordering
Total time for automatic ordering = 0.00 sec. (0.01 ticks)
Summary statistics for factor of Q:
  Rows in Factor            = 20
  Integer space required    = 20
  Total non-zeros in factor = 210
  Total FP ops to factor    = 2870

Using LP solver to compute a starting basis.

Dual simplex solved model.


Log for 'QPproblem' Clone_2 (V12.6.3.0) Sun Jul 03 13:49:26 2016

Number of nonzeros in lower triangle of Q = 190
Using Approximate Minimum Degree ordering
Total time for automatic ordering = 0.00 sec. (0.01 ticks)
Summary statistics for factor of Q:
  Rows in Factor            = 20
  Integer space required    = 20
  Total non-zeros in factor = 210
  Total FP ops to factor    = 2870

Dual simplex solved model.


Log for 'min_Variance' Clone_2 (V12.6.3.0) Sun Jul 03 13:51:55 2016

Number of nonzeros in lower triangle of Q = 190
Using Approximate Minimum Degree ordering
Total time for automatic ordering = 0.00 sec. (0.01 ticks)
Summary statistics for factor of Q:
  Rows in Factor            = 20
  Integer space required    = 20
  Total non-zeros in factor = 210
  Total FP ops to factor    = 2870

Using LP solver to compute a starting basis.

Dual simplex solved model.


Log for 'QPproblem' Clone_2 (V12.6.3.0) Sun Jul 03 13:51:55 2016

Number of nonzeros in lower triangle of Q = 190
Using Approximate Minimum Degree ordering
Total time for automatic ordering = 0.00 sec. (0.01 ticks)
Summary statistics for factor of Q:
  Rows in Factor            = 20
  Integer space required    = 20
  Total non-zeros in factor = 210
  Total FP ops to factor    = 2870

Using LP solver to compute a starting basis.

Dual simplex solved model.


Log for 'min_Variance' Clone_2 (V12.6.3.0) Sun Jul 03 13:54:56 2016

Number of nonzeros in lower triangle of Q = 190
Using Approximate Minimum Degree ordering
Total time for automatic ordering = 0.00 sec. (0.01 ticks)
Summary statistics for factor of Q:
  Rows in Factor            = 20
  Integer space required    = 20
  Total non-zeros in factor = 210
  Total FP ops to factor    = 2870

Using LP solver to compute a starting basis.

Dual simplex solved model.


Log for 'QPproblem' Clone_2 (V12.6.3.0) Sun Jul 03 13:54:56 2016

Number of nonzeros in lower triangle of Q = 190
Using Approximate Minimum Degree ordering
Total time for automatic ordering = 0.00 sec. (0.01 ticks)
Summary statistics for factor of Q:
  Rows in Factor            = 20
  Integer space required    = 20
  Total non-zeros in factor = 210
  Total FP ops to factor    = 2870

Using LP solver to compute a starting basis.

Dual simplex solved model.


Log for 'min_Variance' Clone_2 (V12.6.3.0) Sun Jul 03 14:07:55 2016

Number of nonzeros in lower triangle of Q = 190
Using Approximate Minimum Degree ordering
Total time for automatic ordering = 0.00 sec. (0.01 ticks)
Summary statistics for factor of Q:
  Rows in Factor            = 20
  Integer space required    = 20
  Total non-zeros in factor = 210
  Total FP ops to factor    = 2870

Using LP solver to compute a starting basis.

Dual simplex solved model.


Log for 'QPproblem' Clone_2 (V12.6.3.0) Sun Jul 03 14:07:55 2016

Number of nonzeros in lower triangle of Q = 190
Using Approximate Minimum Degree ordering
Total time for automatic ordering = 0.00 sec. (0.01 ticks)
Summary statistics for factor of Q:
  Rows in Factor            = 20
  Integer space required    = 20
  Total non-zeros in factor = 210
  Total FP ops to factor    = 2870

Using LP solver to compute a starting basis.

Dual simplex solved model.


Log for 'min_Variance' Clone_2 (V12.6.3.0) Sun Jul 03 14:08:28 2016

Number of nonzeros in lower triangle of Q = 190
Using Approximate Minimum Degree ordering
Total time for automatic ordering = 0.00 sec. (0.01 ticks)
Summary statistics for factor of Q:
  Rows in Factor            = 20
  Integer space required    = 20
  Total non-zeros in factor = 210
  Total FP ops to factor    = 2870

Using LP solver to compute a starting basis.

Dual simplex solved model.


Log for 'QPproblem' Clone_2 (V12.6.3.0) Sun Jul 03 14:08:28 2016

Number of nonzeros in lower triangle of Q = 190
Using Approximate Minimum Degree ordering
Total time for automatic ordering = 0.00 sec. (0.01 ticks)
Summary statistics for factor of Q:
  Rows in Factor            = 20
  Integer space required    = 20
  Total non-zeros in factor = 210
  Total FP ops to factor    = 2870

Using LP solver to compute a starting basis.

Dual simplex solved model.


Log for 'min_Variance' Clone_2 (V12.6.3.0) Sun Jul 03 14:09:17 2016

Number of nonzeros in lower triangle of Q = 190
Using Approximate Minimum Degree ordering
Total time for automatic ordering = 0.00 sec. (0.01 ticks)
Summary statistics for factor of Q:
  Rows in Factor            = 20
  Integer space required    = 20
  Total non-zeros in factor = 210
  Total FP ops to factor    = 2870

Using LP solver to compute a starting basis.

Dual simplex solved model.


Log for 'QPproblem' Clone_2 (V12.6.3.0) Sun Jul 03 14:09:17 2016

Number of nonzeros in lower triangle of Q = 190
Using Approximate Minimum Degree ordering
Total time for automatic ordering = 0.00 sec. (0.01 ticks)
Summary statistics for factor of Q:
  Rows in Factor            = 20
  Integer space required    = 20
  Total non-zeros in factor = 210
  Total FP ops to factor    = 2870

Using LP solver to compute a starting basis.

Dual simplex solved model.


Log for 'min_Variance' Clone_2 (V12.6.3.0) Sun Jul 03 14:12:12 2016

Number of nonzeros in lower triangle of Q = 190
Using Approximate Minimum Degree ordering
Total time for automatic ordering = 0.00 sec. (0.01 ticks)
Summary statistics for factor of Q:
  Rows in Factor            = 20
  Integer space required    = 20
  Total non-zeros in factor = 210
  Total FP ops to factor    = 2870

Using LP solver to compute a starting basis.

Dual simplex solved model.


Log for 'QPproblem' Clone_2 (V12.6.3.0) Sun Jul 03 14:12:12 2016

Number of nonzeros in lower triangle of Q = 190
Using Approximate Minimum Degree ordering
Total time for automatic ordering = 0.00 sec. (0.01 ticks)
Summary statistics for factor of Q:
  Rows in Factor            = 20
  Integer space required    = 20
  Total non-zeros in factor = 210
  Total FP ops to factor    = 2870

Using LP solver to compute a starting basis.

Dual simplex solved model.


Log for 'min_Variance' Clone_2 (V12.6.3.0) Sun Jul 03 14:13:23 2016

Number of nonzeros in lower triangle of Q = 190
Using Approximate Minimum Degree ordering
Total time for automatic ordering = 0.00 sec. (0.01 ticks)
Summary statistics for factor of Q:
  Rows in Factor            = 20
  Integer space required    = 20
  Total non-zeros in factor = 210
  Total FP ops to factor    = 2870

Using LP solver to compute a starting basis.

Dual simplex solved model.


Log for 'QPproblem' Clone_2 (V12.6.3.0) Sun Jul 03 14:13:23 2016

Number of nonzeros in lower triangle of Q = 190
Using Approximate Minimum Degree ordering
Total time for automatic ordering = 0.00 sec. (0.01 ticks)
Summary statistics for factor of Q:
  Rows in Factor            = 20
  Integer space required    = 20
  Total non-zeros in factor = 210
  Total FP ops to factor    = 2870

Using LP solver to compute a starting basis.

Dual simplex solved model.


Log for 'min_Variance' Clone_2 (V12.6.3.0) Sun Jul 03 14:14:55 2016

Number of nonzeros in lower triangle of Q = 190
Using Approximate Minimum Degree ordering
Total time for automatic ordering = 0.00 sec. (0.01 ticks)
Summary statistics for factor of Q:
  Rows in Factor            = 20
  Integer space required    = 20
  Total non-zeros in factor = 210
  Total FP ops to factor    = 2870

Using LP solver to compute a starting basis.

Dual simplex solved model.


Log for 'QPproblem' Clone_2 (V12.6.3.0) Sun Jul 03 14:14:55 2016

Number of nonzeros in lower triangle of Q = 190
Using Approximate Minimum Degree ordering
Total time for automatic ordering = 0.00 sec. (0.01 ticks)
Summary statistics for factor of Q:
  Rows in Factor            = 20
  Integer space required    = 20
  Total non-zeros in factor = 210
  Total FP ops to factor    = 2870

Using LP solver to compute a starting basis.

Dual simplex solved model.


Log for 'min_Variance' Clone_2 (V12.6.3.0) Sun Jul 03 14:16:09 2016

Number of nonzeros in lower triangle of Q = 190
Using Approximate Minimum Degree ordering
Total time for automatic ordering = 0.02 sec. (0.01 ticks)
Summary statistics for factor of Q:
  Rows in Factor            = 20
  Integer space required    = 20
  Total non-zeros in factor = 210
  Total FP ops to factor    = 2870

Using LP solver to compute a starting basis.

Dual simplex solved model.


Log for 'QPproblem' Clone_2 (V12.6.3.0) Sun Jul 03 14:16:09 2016

Number of nonzeros in lower triangle of Q = 190
Using Approximate Minimum Degree ordering
Total time for automatic ordering = 0.00 sec. (0.01 ticks)
Summary statistics for factor of Q:
  Rows in Factor            = 20
  Integer space required    = 20
  Total non-zeros in factor = 210
  Total FP ops to factor    = 2870

Using LP solver to compute a starting basis.

Dual simplex solved model.


Log for 'min_Variance' Clone_2 (V12.6.3.0) Sun Jul 03 14:34:40 2016

Number of nonzeros in lower triangle of Q = 190
Using Approximate Minimum Degree ordering
Total time for automatic ordering = 0.00 sec. (0.01 ticks)
Summary statistics for factor of Q:
  Rows in Factor            = 20
  Integer space required    = 20
  Total non-zeros in factor = 210
  Total FP ops to factor    = 2870

Using LP solver to compute a starting basis.

Dual simplex solved model.


Log for 'QPproblem' Clone_2 (V12.6.3.0) Sun Jul 03 14:34:40 2016

Number of nonzeros in lower triangle of Q = 190
Using Approximate Minimum Degree ordering
Total time for automatic ordering = 0.00 sec. (0.01 ticks)
Summary statistics for factor of Q:
  Rows in Factor            = 20
  Integer space required    = 20
  Total non-zeros in factor = 210
  Total FP ops to factor    = 2870

Using LP solver to compute a starting basis.

Dual simplex solved model.


Log for 'min_Variance' Clone_2 (V12.6.3.0) Sun Jul 03 14:39:01 2016

Number of nonzeros in lower triangle of Q = 190
Using Approximate Minimum Degree ordering
Total time for automatic ordering = 0.00 sec. (0.01 ticks)
Summary statistics for factor of Q:
  Rows in Factor            = 20
  Integer space required    = 20
  Total non-zeros in factor = 210
  Total FP ops to factor    = 2870

Using LP solver to compute a starting basis.

Dual simplex solved model.


Log for 'QPproblem' Clone_2 (V12.6.3.0) Sun Jul 03 14:39:01 2016

Number of nonzeros in lower triangle of Q = 190
Using Approximate Minimum Degree ordering
Total time for automatic ordering = 0.00 sec. (0.01 ticks)
Summary statistics for factor of Q:
  Rows in Factor            = 20
  Integer space required    = 20
  Total non-zeros in factor = 210
  Total FP ops to factor    = 2870

Using LP solver to compute a starting basis.

Dual simplex solved model.


Log for 'min_Variance' Clone_2 (V12.6.3.0) Sun Jul 03 14:42:45 2016

Number of nonzeros in lower triangle of Q = 190
Using Approximate Minimum Degree ordering
Total time for automatic ordering = 0.00 sec. (0.01 ticks)
Summary statistics for factor of Q:
  Rows in Factor            = 20
  Integer space required    = 20
  Total non-zeros in factor = 210
  Total FP ops to factor    = 2870

Using LP solver to compute a starting basis.

Dual simplex solved model.


Log for 'QPproblem' Clone_2 (V12.6.3.0) Sun Jul 03 14:42:45 2016

Number of nonzeros in lower triangle of Q = 190
Using Approximate Minimum Degree ordering
Total time for automatic ordering = 0.00 sec. (0.01 ticks)
Summary statistics for factor of Q:
  Rows in Factor            = 20
  Integer space required    = 20
  Total non-zeros in factor = 210
  Total FP ops to factor    = 2870

Using LP solver to compute a starting basis.

Dual simplex solved model.


Log for 'min_Variance' Clone_2 (V12.6.3.0) Sun Jul 03 14:43:49 2016

Number of nonzeros in lower triangle of Q = 190
Using Approximate Minimum Degree ordering
Total time for automatic ordering = 0.00 sec. (0.01 ticks)
Summary statistics for factor of Q:
  Rows in Factor            = 20
  Integer space required    = 20
  Total non-zeros in factor = 210
  Total FP ops to factor    = 2870

Using LP solver to compute a starting basis.

Dual simplex solved model.


Log for 'QPproblem' Clone_2 (V12.6.3.0) Sun Jul 03 14:43:49 2016

Number of nonzeros in lower triangle of Q = 190
Using Approximate Minimum Degree ordering
Total time for automatic ordering = 0.00 sec. (0.01 ticks)
Summary statistics for factor of Q:
  Rows in Factor            = 20
  Integer space required    = 20
  Total non-zeros in factor = 210
  Total FP ops to factor    = 2870

Using LP solver to compute a starting basis.

Dual simplex solved model.


Log for 'min_Variance' Clone_2 (V12.6.3.0) Sun Jul 03 15:16:59 2016

Number of nonzeros in lower triangle of Q = 190
Using Approximate Minimum Degree ordering
Total time for automatic ordering = 0.00 sec. (0.01 ticks)
Summary statistics for factor of Q:
  Rows in Factor            = 20
  Integer space required    = 20
  Total non-zeros in factor = 210
  Total FP ops to factor    = 2870

Using LP solver to compute a starting basis.

Dual simplex solved model.


Log for 'QPproblem' Clone_2 (V12.6.3.0) Sun Jul 03 15:17:00 2016

Number of nonzeros in lower triangle of Q = 190
Using Approximate Minimum Degree ordering
Total time for automatic ordering = 0.01 sec. (0.01 ticks)
Summary statistics for factor of Q:
  Rows in Factor            = 20
  Integer space required    = 20
  Total non-zeros in factor = 210
  Total FP ops to factor    = 2870

Using LP solver to compute a starting basis.

Dual simplex solved model.


Log for 'min_Variance' Clone_2 (V12.6.3.0) Sun Jul 03 15:21:19 2016

Number of nonzeros in lower triangle of Q = 190
Using Approximate Minimum Degree ordering
Total time for automatic ordering = 0.00 sec. (0.01 ticks)
Summary statistics for factor of Q:
  Rows in Factor            = 20
  Integer space required    = 20
  Total non-zeros in factor = 210
  Total FP ops to factor    = 2870

Using LP solver to compute a starting basis.

Dual simplex solved model.


Log for 'QPproblem' Clone_2 (V12.6.3.0) Sun Jul 03 15:21:19 2016

Number of nonzeros in lower triangle of Q = 190
Using Approximate Minimum Degree ordering
Total time for automatic ordering = 0.00 sec. (0.01 ticks)
Summary statistics for factor of Q:
  Rows in Factor            = 20
  Integer space required    = 20
  Total non-zeros in factor = 210
  Total FP ops to factor    = 2870

Using LP solver to compute a starting basis.

Dual simplex solved model.


Log for 'min_Variance' Clone_2 (V12.6.3.0) Sun Jul 03 16:03:30 2016

Number of nonzeros in lower triangle of Q = 190
Using Approximate Minimum Degree ordering
Total time for automatic ordering = 0.00 sec. (0.01 ticks)
Summary statistics for factor of Q:
  Rows in Factor            = 20
  Integer space required    = 20
  Total non-zeros in factor = 210
  Total FP ops to factor    = 2870

Using LP solver to compute a starting basis.

Dual simplex solved model.


Log for 'QPproblem' Clone_2 (V12.6.3.0) Sun Jul 03 16:03:30 2016

Number of nonzeros in lower triangle of Q = 190
Using Approximate Minimum Degree ordering
Total time for automatic ordering = 0.00 sec. (0.01 ticks)
Summary statistics for factor of Q:
  Rows in Factor            = 20
  Integer space required    = 20
  Total non-zeros in factor = 210
  Total FP ops to factor    = 2870

Using LP solver to compute a starting basis.

Dual simplex solved model.


Log for 'min_Variance' Clone_2 (V12.6.3.0) Sun Jul 03 16:03:30 2016

Number of nonzeros in lower triangle of Q = 190
Using Approximate Minimum Degree ordering
Total time for automatic ordering = 0.00 sec. (0.01 ticks)
Summary statistics for factor of Q:
  Rows in Factor            = 20
  Integer space required    = 20
  Total non-zeros in factor = 210
  Total FP ops to factor    = 2870

Using LP solver to compute a starting basis.

Dual simplex solved model.


Log for 'QPproblem' Clone_2 (V12.6.3.0) Sun Jul 03 16:03:30 2016

Number of nonzeros in lower triangle of Q = 190
Using Approximate Minimum Degree ordering
Total time for automatic ordering = 0.00 sec. (0.01 ticks)
Summary statistics for factor of Q:
  Rows in Factor            = 20
  Integer space required    = 20
  Total non-zeros in factor = 210
  Total FP ops to factor    = 2870

Using LP solver to compute a starting basis.

Iteration log . . .
Iteration:     1    Scaled infeas =             0.000000

Dual simplex solved model.


Log for 'min_Variance' Clone_2 (V12.6.3.0) Sun Jul 03 16:03:30 2016

Number of nonzeros in lower triangle of Q = 190
Using Approximate Minimum Degree ordering
Total time for automatic ordering = 0.00 sec. (0.01 ticks)
Summary statistics for factor of Q:
  Rows in Factor            = 20
  Integer space required    = 20
  Total non-zeros in factor = 210
  Total FP ops to factor    = 2870

Using LP solver to compute a starting basis.

Dual simplex solved model.


Log for 'QPproblem' Clone_2 (V12.6.3.0) Sun Jul 03 16:03:30 2016

Number of nonzeros in lower triangle of Q = 190
Using Approximate Minimum Degree ordering
Total time for automatic ordering = 0.00 sec. (0.01 ticks)
Summary statistics for factor of Q:
  Rows in Factor            = 20
  Integer space required    = 20
  Total non-zeros in factor = 210
  Total FP ops to factor    = 2870

Using LP solver to compute a starting basis.

Iteration log . . .
Iteration:     1    Scaled infeas =             0.000000

Dual simplex solved model.


Log for 'min_Variance' Clone_2 (V12.6.3.0) Sun Jul 03 16:03:31 2016

Number of nonzeros in lower triangle of Q = 190
Using Approximate Minimum Degree ordering
Total time for automatic ordering = 0.00 sec. (0.01 ticks)
Summary statistics for factor of Q:
  Rows in Factor            = 20
  Integer space required    = 20
  Total non-zeros in factor = 210
  Total FP ops to factor    = 2870

Using LP solver to compute a starting basis.

Dual simplex solved model.


Log for 'QPproblem' Clone_2 (V12.6.3.0) Sun Jul 03 16:03:31 2016

Number of nonzeros in lower triangle of Q = 190
Using Approximate Minimum Degree ordering
Total time for automatic ordering = 0.00 sec. (0.01 ticks)
Summary statistics for factor of Q:
  Rows in Factor            = 20
  Integer space required    = 20
  Total non-zeros in factor = 210
  Total FP ops to factor    = 2870

Using LP solver to compute a starting basis.

Iteration log . . .
Iteration:     1    Scaled infeas =             0.000000

Dual simplex solved model.


Log for 'min_Variance' Clone_2 (V12.6.3.0) Sun Jul 03 16:03:31 2016

Number of nonzeros in lower triangle of Q = 190
Using Approximate Minimum Degree ordering
Total time for automatic ordering = 0.00 sec. (0.01 ticks)
Summary statistics for factor of Q:
  Rows in Factor            = 20
  Integer space required    = 20
  Total non-zeros in factor = 210
  Total FP ops to factor    = 2870

Using LP solver to compute a starting basis.

Dual simplex solved model.


Log for 'QPproblem' Clone_2 (V12.6.3.0) Sun Jul 03 16:03:31 2016

Number of nonzeros in lower triangle of Q = 190
Using Approximate Minimum Degree ordering
Total time for automatic ordering = 0.00 sec. (0.01 ticks)
Summary statistics for factor of Q:
  Rows in Factor            = 20
  Integer space required    = 20
  Total non-zeros in factor = 210
  Total FP ops to factor    = 2870

Using LP solver to compute a starting basis.

Dual simplex solved model.


Log for 'min_Variance' Clone_2 (V12.6.3.0) Sun Jul 03 16:03:31 2016

Number of nonzeros in lower triangle of Q = 190
Using Approximate Minimum Degree ordering
Total time for automatic ordering = 0.00 sec. (0.01 ticks)
Summary statistics for factor of Q:
  Rows in Factor            = 20
  Integer space required    = 20
  Total non-zeros in factor = 210
  Total FP ops to factor    = 2870

Using LP solver to compute a starting basis.

Dual simplex solved model.


Log for 'QPproblem' Clone_2 (V12.6.3.0) Sun Jul 03 16:03:31 2016

Number of nonzeros in lower triangle of Q = 190
Using Approximate Minimum Degree ordering
Total time for automatic ordering = 0.00 sec. (0.01 ticks)
Summary statistics for factor of Q:
  Rows in Factor            = 20
  Integer space required    = 20
  Total non-zeros in factor = 210
  Total FP ops to factor    = 2870

Using LP solver to compute a starting basis.

Iteration log . . .
Iteration:     1    Scaled infeas =             0.000000

Dual simplex solved model.


Log for 'min_Variance' Clone_2 (V12.6.3.0) Sun Jul 03 16:03:31 2016

Number of nonzeros in lower triangle of Q = 190
Using Approximate Minimum Degree ordering
Total time for automatic ordering = 0.00 sec. (0.01 ticks)
Summary statistics for factor of Q:
  Rows in Factor            = 20
  Integer space required    = 20
  Total non-zeros in factor = 210
  Total FP ops to factor    = 2870

Using LP solver to compute a starting basis.

Dual simplex solved model.


Log for 'QPproblem' Clone_2 (V12.6.3.0) Sun Jul 03 16:03:31 2016

Number of nonzeros in lower triangle of Q = 190
Using Approximate Minimum Degree ordering
Total time for automatic ordering = 0.00 sec. (0.01 ticks)
Summary statistics for factor of Q:
  Rows in Factor            = 20
  Integer space required    = 20
  Total non-zeros in factor = 210
  Total FP ops to factor    = 2870

Using LP solver to compute a starting basis.

Dual simplex solved model.


Log for 'min_Variance' Clone_2 (V12.6.3.0) Sun Jul 03 16:03:31 2016

Number of nonzeros in lower triangle of Q = 190
Using Approximate Minimum Degree ordering
Total time for automatic ordering = 0.00 sec. (0.01 ticks)
Summary statistics for factor of Q:
  Rows in Factor            = 20
  Integer space required    = 20
  Total non-zeros in factor = 210
  Total FP ops to factor    = 2870

Using LP solver to compute a starting basis.

Dual simplex solved model.


Log for 'QPproblem' Clone_2 (V12.6.3.0) Sun Jul 03 16:03:31 2016

Number of nonzeros in lower triangle of Q = 190
Using Approximate Minimum Degree ordering
Total time for automatic ordering = 0.00 sec. (0.01 ticks)
Summary statistics for factor of Q:
  Rows in Factor            = 20
  Integer space required    = 20
  Total non-zeros in factor = 210
  Total FP ops to factor    = 2870

Using LP solver to compute a starting basis.

Iteration log . . .
Iteration:     1    Scaled infeas =             0.000000

Dual simplex solved model.


Log for 'min_Variance' Clone_2 (V12.6.3.0) Sun Jul 03 16:03:31 2016

Number of nonzeros in lower triangle of Q = 190
Using Approximate Minimum Degree ordering
Total time for automatic ordering = 0.00 sec. (0.01 ticks)
Summary statistics for factor of Q:
  Rows in Factor            = 20
  Integer space required    = 20
  Total non-zeros in factor = 210
  Total FP ops to factor    = 2870

Using LP solver to compute a starting basis.

Iteration log . . .
Iteration:     1    Objective     =             0.000051

Dual simplex solved model.


Log for 'QPproblem' Clone_2 (V12.6.3.0) Sun Jul 03 16:03:31 2016

Number of nonzeros in lower triangle of Q = 190
Using Approximate Minimum Degree ordering
Total time for automatic ordering = 0.00 sec. (0.01 ticks)
Summary statistics for factor of Q:
  Rows in Factor            = 20
  Integer space required    = 20
  Total non-zeros in factor = 210
  Total FP ops to factor    = 2870

Using LP solver to compute a starting basis.

Dual simplex solved model.


Log for 'min_Variance' Clone_2 (V12.6.3.0) Sun Jul 03 16:03:32 2016

Number of nonzeros in lower triangle of Q = 190
Using Approximate Minimum Degree ordering
Total time for automatic ordering = 0.00 sec. (0.01 ticks)
Summary statistics for factor of Q:
  Rows in Factor            = 20
  Integer space required    = 20
  Total non-zeros in factor = 210
  Total FP ops to factor    = 2870

Using LP solver to compute a starting basis.

Dual simplex solved model.


Log for 'QPproblem' Clone_2 (V12.6.3.0) Sun Jul 03 16:03:32 2016

Number of nonzeros in lower triangle of Q = 190
Using Approximate Minimum Degree ordering
Total time for automatic ordering = 0.00 sec. (0.01 ticks)
Summary statistics for factor of Q:
  Rows in Factor            = 20
  Integer space required    = 20
  Total non-zeros in factor = 210
  Total FP ops to factor    = 2870

Using LP solver to compute a starting basis.

Iteration log . . .
Iteration:     1    Scaled infeas =             0.000000

Dual simplex solved model.


Log for 'min_Variance' Clone_2 (V12.6.3.0) Sun Jul 03 16:03:32 2016

Number of nonzeros in lower triangle of Q = 190
Using Approximate Minimum Degree ordering
Total time for automatic ordering = 0.00 sec. (0.01 ticks)
Summary statistics for factor of Q:
  Rows in Factor            = 20
  Integer space required    = 20
  Total non-zeros in factor = 210
  Total FP ops to factor    = 2870

Using LP solver to compute a starting basis.

Dual simplex solved model.


Log for 'QPproblem' Clone_2 (V12.6.3.0) Sun Jul 03 16:03:32 2016

Number of nonzeros in lower triangle of Q = 190
Using Approximate Minimum Degree ordering
Total time for automatic ordering = 0.00 sec. (0.01 ticks)
Summary statistics for factor of Q:
  Rows in Factor            = 20
  Integer space required    = 20
  Total non-zeros in factor = 210
  Total FP ops to factor    = 2870

Using LP solver to compute a starting basis.

Iteration log . . .
Iteration:     1    Objective     =            11.551018

Dual simplex solved model.


Log for 'min_Variance' Clone_2 (V12.6.3.0) Sun Jul 03 16:03:32 2016

Number of nonzeros in lower triangle of Q = 190
Using Approximate Minimum Degree ordering
Total time for automatic ordering = 0.00 sec. (0.01 ticks)
Summary statistics for factor of Q:
  Rows in Factor            = 20
  Integer space required    = 20
  Total non-zeros in factor = 210
  Total FP ops to factor    = 2870

Using LP solver to compute a starting basis.

Iteration log . . .
Iteration:     1    Objective     =             0.000031

Dual simplex solved model.


Log for 'QPproblem' Clone_2 (V12.6.3.0) Sun Jul 03 16:03:32 2016

Number of nonzeros in lower triangle of Q = 190
Using Approximate Minimum Degree ordering
Total time for automatic ordering = 0.00 sec. (0.01 ticks)
Summary statistics for factor of Q:
  Rows in Factor            = 20
  Integer space required    = 20
  Total non-zeros in factor = 210
  Total FP ops to factor    = 2870

Using LP solver to compute a starting basis.

Dual simplex solved model.


Log for 'min_Variance' Clone_2 (V12.6.3.0) Sun Jul 03 16:04:36 2016

Number of nonzeros in lower triangle of Q = 190
Using Approximate Minimum Degree ordering
Total time for automatic ordering = 0.00 sec. (0.01 ticks)
Summary statistics for factor of Q:
  Rows in Factor            = 20
  Integer space required    = 20
  Total non-zeros in factor = 210
  Total FP ops to factor    = 2870

Using LP solver to compute a starting basis.

Dual simplex solved model.


Log for 'QPproblem' Clone_2 (V12.6.3.0) Sun Jul 03 16:04:36 2016

Number of nonzeros in lower triangle of Q = 190
Using Approximate Minimum Degree ordering
Total time for automatic ordering = 0.00 sec. (0.01 ticks)
Summary statistics for factor of Q:
  Rows in Factor            = 20
  Integer space required    = 20
  Total non-zeros in factor = 210
  Total FP ops to factor    = 2870

Using LP solver to compute a starting basis.

Dual simplex solved model.


Log for 'min_Variance' Clone_2 (V12.6.3.0) Sun Jul 03 16:05:58 2016

Number of nonzeros in lower triangle of Q = 190
Using Approximate Minimum Degree ordering
Total time for automatic ordering = 0.00 sec. (0.01 ticks)
Summary statistics for factor of Q:
  Rows in Factor            = 20
  Integer space required    = 20
  Total non-zeros in factor = 210
  Total FP ops to factor    = 2870

Using LP solver to compute a starting basis.

Dual simplex solved model.


Log for 'QPproblem' Clone_2 (V12.6.3.0) Sun Jul 03 16:05:58 2016

Number of nonzeros in lower triangle of Q = 190
Using Approximate Minimum Degree ordering
Total time for automatic ordering = 0.00 sec. (0.01 ticks)
Summary statistics for factor of Q:
  Rows in Factor            = 20
  Integer space required    = 20
  Total non-zeros in factor = 210
  Total FP ops to factor    = 2870

Using LP solver to compute a starting basis.

Dual simplex solved model.


Log for 'min_Variance' Clone_2 (V12.6.3.0) Sun Jul 03 18:37:32 2016

Number of nonzeros in lower triangle of Q = 190
Using Approximate Minimum Degree ordering
Total time for automatic ordering = 0.00 sec. (0.01 ticks)
Summary statistics for factor of Q:
  Rows in Factor            = 20
  Integer space required    = 20
  Total non-zeros in factor = 210
  Total FP ops to factor    = 2870

Using LP solver to compute a starting basis.

Dual simplex solved model.


Log for 'QPproblem' Clone_2 (V12.6.3.0) Sun Jul 03 18:37:33 2016

Number of nonzeros in lower triangle of Q = 190
Using Approximate Minimum Degree ordering
Total time for automatic ordering = 0.00 sec. (0.01 ticks)
Summary statistics for factor of Q:
  Rows in Factor            = 20
  Integer space required    = 20
  Total non-zeros in factor = 210
  Total FP ops to factor    = 2870

Using LP solver to compute a starting basis.

Dual simplex solved model.


Log for 'min_Variance' Clone_2 (V12.6.3.0) Tue Jul 05 20:01:04 2016

Number of nonzeros in lower triangle of Q = 190
Using Approximate Minimum Degree ordering
Total time for automatic ordering = 0.00 sec. (0.01 ticks)
Summary statistics for factor of Q:
  Rows in Factor            = 20
  Integer space required    = 20
  Total non-zeros in factor = 210
  Total FP ops to factor    = 2870

Using LP solver to compute a starting basis.

Dual simplex solved model.


Log for 'QPproblem' Clone_2 (V12.6.3.0) Tue Jul 05 20:01:04 2016

Number of nonzeros in lower triangle of Q = 190
Using Approximate Minimum Degree ordering
Total time for automatic ordering = 0.00 sec. (0.01 ticks)
Summary statistics for factor of Q:
  Rows in Factor            = 20
  Integer space required    = 20
  Total non-zeros in factor = 210
  Total FP ops to factor    = 2870

Using LP solver to compute a starting basis.

Dual simplex solved model.


Log for 'min_Variance' Clone_2 (V12.6.3.0) Tue Jul 05 20:02:07 2016

Number of nonzeros in lower triangle of Q = 190
Using Approximate Minimum Degree ordering
Total time for automatic ordering = 0.00 sec. (0.01 ticks)
Summary statistics for factor of Q:
  Rows in Factor            = 20
  Integer space required    = 20
  Total non-zeros in factor = 210
  Total FP ops to factor    = 2870

Using LP solver to compute a starting basis.

Dual simplex solved model.


Log for 'QPproblem' Clone_2 (V12.6.3.0) Tue Jul 05 20:02:07 2016

Number of nonzeros in lower triangle of Q = 190
Using Approximate Minimum Degree ordering
Total time for automatic ordering = 0.00 sec. (0.01 ticks)
Summary statistics for factor of Q:
  Rows in Factor            = 20
  Integer space required    = 20
  Total non-zeros in factor = 210
  Total FP ops to factor    = 2870

Using LP solver to compute a starting basis.

Dual simplex solved model.


Log for 'min_Variance' Clone_2 (V12.6.3.0) Tue Jul 05 20:02:52 2016

Number of nonzeros in lower triangle of Q = 190
Using Approximate Minimum Degree ordering
Total time for automatic ordering = 0.00 sec. (0.01 ticks)
Summary statistics for factor of Q:
  Rows in Factor            = 20
  Integer space required    = 20
  Total non-zeros in factor = 210
  Total FP ops to factor    = 2870

Using LP solver to compute a starting basis.

Dual simplex solved model.


Log for 'QPproblem' Clone_2 (V12.6.3.0) Tue Jul 05 20:02:53 2016

Number of nonzeros in lower triangle of Q = 190
Using Approximate Minimum Degree ordering
Total time for automatic ordering = 0.00 sec. (0.01 ticks)
Summary statistics for factor of Q:
  Rows in Factor            = 20
  Integer space required    = 20
  Total non-zeros in factor = 210
  Total FP ops to factor    = 2870

Using LP solver to compute a starting basis.

Dual simplex solved model.


Log for 'min_Variance' Clone_2 (V12.6.3.0) Tue Jul 05 20:03:53 2016

Number of nonzeros in lower triangle of Q = 190
Using Approximate Minimum Degree ordering
Total time for automatic ordering = 0.00 sec. (0.01 ticks)
Summary statistics for factor of Q:
  Rows in Factor            = 20
  Integer space required    = 20
  Total non-zeros in factor = 210
  Total FP ops to factor    = 2870

Using LP solver to compute a starting basis.

Dual simplex solved model.


Log for 'QPproblem' Clone_2 (V12.6.3.0) Tue Jul 05 20:03:53 2016

Number of nonzeros in lower triangle of Q = 190
Using Approximate Minimum Degree ordering
Total time for automatic ordering = 0.00 sec. (0.01 ticks)
Summary statistics for factor of Q:
  Rows in Factor            = 20
  Integer space required    = 20
  Total non-zeros in factor = 210
  Total FP ops to factor    = 2870

Using LP solver to compute a starting basis.

Dual simplex solved model.


Log for 'min_Variance' Clone_2 (V12.6.3.0) Tue Jul 05 20:27:50 2016

Number of nonzeros in lower triangle of Q = 190
Using Approximate Minimum Degree ordering
Total time for automatic ordering = 0.00 sec. (0.01 ticks)
Summary statistics for factor of Q:
  Rows in Factor            = 20
  Integer space required    = 20
  Total non-zeros in factor = 210
  Total FP ops to factor    = 2870

Using LP solver to compute a starting basis.

Dual simplex solved model.


Log for 'QPproblem' Clone_2 (V12.6.3.0) Tue Jul 05 20:27:50 2016

Number of nonzeros in lower triangle of Q = 190
Using Approximate Minimum Degree ordering
Total time for automatic ordering = 0.00 sec. (0.01 ticks)
Summary statistics for factor of Q:
  Rows in Factor            = 20
  Integer space required    = 20
  Total non-zeros in factor = 210
  Total FP ops to factor    = 2870

Using LP solver to compute a starting basis.

Dual simplex solved model.


Log for 'min_Variance' Clone_2 (V12.6.3.0) Tue Jul 05 20:29:24 2016

Number of nonzeros in lower triangle of Q = 190
Using Approximate Minimum Degree ordering
Total time for automatic ordering = 0.00 sec. (0.01 ticks)
Summary statistics for factor of Q:
  Rows in Factor            = 20
  Integer space required    = 20
  Total non-zeros in factor = 210
  Total FP ops to factor    = 2870

Using LP solver to compute a starting basis.

Dual simplex solved model.


Log for 'QPproblem' Clone_2 (V12.6.3.0) Tue Jul 05 20:29:24 2016

Number of nonzeros in lower triangle of Q = 190
Using Approximate Minimum Degree ordering
Total time for automatic ordering = 0.00 sec. (0.01 ticks)
Summary statistics for factor of Q:
  Rows in Factor            = 20
  Integer space required    = 20
  Total non-zeros in factor = 210
  Total FP ops to factor    = 2870

Using LP solver to compute a starting basis.

Dual simplex solved model.


Log for 'min_Variance' Clone_2 (V12.6.3.0) Tue Jul 05 20:30:30 2016

Number of nonzeros in lower triangle of Q = 190
Using Approximate Minimum Degree ordering
Total time for automatic ordering = 0.00 sec. (0.01 ticks)
Summary statistics for factor of Q:
  Rows in Factor            = 20
  Integer space required    = 20
  Total non-zeros in factor = 210
  Total FP ops to factor    = 2870

Using LP solver to compute a starting basis.

Dual simplex solved model.


Log for 'QPproblem' Clone_2 (V12.6.3.0) Tue Jul 05 20:30:30 2016

Number of nonzeros in lower triangle of Q = 190
Using Approximate Minimum Degree ordering
Total time for automatic ordering = 0.00 sec. (0.01 ticks)
Summary statistics for factor of Q:
  Rows in Factor            = 20
  Integer space required    = 20
  Total non-zeros in factor = 210
  Total FP ops to factor    = 2870

Using LP solver to compute a starting basis.

Dual simplex solved model.


Log for 'min_Variance' Clone_2 (V12.6.3.0) Wed Jul 20 16:03:48 2016

Number of nonzeros in lower triangle of Q = 190
Total time for automatic ordering = 0.03 sec. (0.00 ticks)

Dual simplex solved model.


Log for 'QPproblem' Clone_2 (V12.6.3.0) Wed Jul 20 16:03:48 2016

Number of nonzeros in lower triangle of Q = 190
Using Approximate Minimum Degree ordering
Total time for automatic ordering = 0.00 sec. (0.01 ticks)
Summary statistics for factor of Q:
  Rows in Factor            = 20
  Integer space required    = 20
  Total non-zeros in factor = 210
  Total FP ops to factor    = 2870

Using LP solver to compute a starting basis.

Dual simplex solved model.

