
Log for 'min_Variance' Clone_2 (V12.6.3.0) Fri May 20 13:38:24 2016

Number of nonzeros in lower triangle of Q = 45
Using Approximate Minimum Degree ordering
Total time for automatic ordering = 0.00 sec. (0.00 ticks)
Summary statistics for factor of Q:
  Rows in Factor            = 10
  Integer space required    = 10
  Total non-zeros in factor = 55
  Total FP ops to factor    = 385

Using LP solver to compute a starting basis.

Dual simplex solved model.


Log for 'max_Return' Clone_2 (V12.6.3.0) Fri May 20 13:38:54 2016


Log for 'Efficient_Frontier' Clone_2 (V12.6.3.0) Fri May 20 13:39:39 2016

Number of nonzeros in lower triangle of Q = 45
Using Approximate Minimum Degree ordering
Total time for automatic ordering = 0.00 sec. (0.00 ticks)
Summary statistics for factor of Q:
  Rows in Factor            = 10
  Integer space required    = 10
  Total non-zeros in factor = 55
  Total FP ops to factor    = 385

Dual simplex solved model.


Log for 'Efficient_Frontier' Clone_2 (V12.6.3.0) Fri May 20 13:39:39 2016

Number of nonzeros in lower triangle of Q = 45
Using Approximate Minimum Degree ordering
Total time for automatic ordering = 0.00 sec. (0.00 ticks)
Summary statistics for factor of Q:
  Rows in Factor            = 10
  Integer space required    = 10
  Total non-zeros in factor = 55
  Total FP ops to factor    = 385

Dual simplex solved model.


Log for 'Efficient_Frontier' Clone_2 (V12.6.3.0) Fri May 20 13:39:39 2016

Number of nonzeros in lower triangle of Q = 45
Using Approximate Minimum Degree ordering
Total time for automatic ordering = 0.00 sec. (0.00 ticks)
Summary statistics for factor of Q:
  Rows in Factor            = 10
  Integer space required    = 10
  Total non-zeros in factor = 55
  Total FP ops to factor    = 385

Dual simplex solved model.


Log for 'Efficient_Frontier' Clone_2 (V12.6.3.0) Fri May 20 13:39:39 2016

Number of nonzeros in lower triangle of Q = 45
Using Approximate Minimum Degree ordering
Total time for automatic ordering = 0.00 sec. (0.00 ticks)
Summary statistics for factor of Q:
  Rows in Factor            = 10
  Integer space required    = 10
  Total non-zeros in factor = 55
  Total FP ops to factor    = 385

Dual simplex solved model.


Log for 'Efficient_Frontier' Clone_2 (V12.6.3.0) Fri May 20 13:39:39 2016

Number of nonzeros in lower triangle of Q = 45
Using Approximate Minimum Degree ordering
Total time for automatic ordering = 0.00 sec. (0.00 ticks)
Summary statistics for factor of Q:
  Rows in Factor            = 10
  Integer space required    = 10
  Total non-zeros in factor = 55
  Total FP ops to factor    = 385

Iteration log . . .
Iteration:     1    Objective     =             0.000388

Dual simplex solved model.


Log for 'Efficient_Frontier' Clone_2 (V12.6.3.0) Fri May 20 13:39:39 2016

Number of nonzeros in lower triangle of Q = 45
Using Approximate Minimum Degree ordering
Total time for automatic ordering = 0.00 sec. (0.00 ticks)
Summary statistics for factor of Q:
  Rows in Factor            = 10
  Integer space required    = 10
  Total non-zeros in factor = 55
  Total FP ops to factor    = 385

Dual simplex solved model.


Log for 'Efficient_Frontier' Clone_2 (V12.6.3.0) Fri May 20 13:39:39 2016

Number of nonzeros in lower triangle of Q = 45
Using Approximate Minimum Degree ordering
Total time for automatic ordering = 0.00 sec. (0.00 ticks)
Summary statistics for factor of Q:
  Rows in Factor            = 10
  Integer space required    = 10
  Total non-zeros in factor = 55
  Total FP ops to factor    = 385

Dual simplex solved model.


Log for 'Efficient_Frontier' Clone_2 (V12.6.3.0) Fri May 20 13:39:39 2016

Number of nonzeros in lower triangle of Q = 45
Using Approximate Minimum Degree ordering
Total time for automatic ordering = 0.00 sec. (0.00 ticks)
Summary statistics for factor of Q:
  Rows in Factor            = 10
  Integer space required    = 10
  Total non-zeros in factor = 55
  Total FP ops to factor    = 385

Dual simplex solved model.


Log for 'Efficient_Frontier' Clone_2 (V12.6.3.0) Fri May 20 13:39:39 2016

Number of nonzeros in lower triangle of Q = 45
Using Approximate Minimum Degree ordering
Total time for automatic ordering = 0.00 sec. (0.00 ticks)
Summary statistics for factor of Q:
  Rows in Factor            = 10
  Integer space required    = 10
  Total non-zeros in factor = 55
  Total FP ops to factor    = 385

Iteration log . . .
Iteration:     1    Phase I obj   =             0.000668

Dual simplex solved model.


Log for 'Efficient_Frontier' Clone_2 (V12.6.3.0) Fri May 20 13:39:39 2016

Number of nonzeros in lower triangle of Q = 45
Using Approximate Minimum Degree ordering
Total time for automatic ordering = 0.00 sec. (0.00 ticks)
Summary statistics for factor of Q:
  Rows in Factor            = 10
  Integer space required    = 10
  Total non-zeros in factor = 55
  Total FP ops to factor    = 385

Dual simplex solved model.


Log for 'Efficient_Frontier' Clone_2 (V12.6.3.0) Fri May 20 13:39:39 2016

Number of nonzeros in lower triangle of Q = 45
Using Approximate Minimum Degree ordering
Total time for automatic ordering = 0.00 sec. (0.00 ticks)
Summary statistics for factor of Q:
  Rows in Factor            = 10
  Integer space required    = 10
  Total non-zeros in factor = 55
  Total FP ops to factor    = 385

Dual simplex solved model.


Log for 'Efficient_Frontier' Clone_2 (V12.6.3.0) Fri May 20 13:39:39 2016

Number of nonzeros in lower triangle of Q = 45
Using Approximate Minimum Degree ordering
Total time for automatic ordering = 0.00 sec. (0.00 ticks)
Summary statistics for factor of Q:
  Rows in Factor            = 10
  Integer space required    = 10
  Total non-zeros in factor = 55
  Total FP ops to factor    = 385

Dual simplex solved model.


Log for 'Efficient_Frontier' Clone_2 (V12.6.3.0) Fri May 20 13:39:39 2016

Number of nonzeros in lower triangle of Q = 45
Using Approximate Minimum Degree ordering
Total time for automatic ordering = 0.00 sec. (0.00 ticks)
Summary statistics for factor of Q:
  Rows in Factor            = 10
  Integer space required    = 10
  Total non-zeros in factor = 55
  Total FP ops to factor    = 385

Dual simplex solved model.


Log for 'Efficient_Frontier' Clone_2 (V12.6.3.0) Fri May 20 13:39:39 2016

Number of nonzeros in lower triangle of Q = 45
Using Approximate Minimum Degree ordering
Total time for automatic ordering = 0.00 sec. (0.00 ticks)
Summary statistics for factor of Q:
  Rows in Factor            = 10
  Integer space required    = 10
  Total non-zeros in factor = 55
  Total FP ops to factor    = 385

Dual simplex solved model.


Log for 'Efficient_Frontier' Clone_2 (V12.6.3.0) Fri May 20 13:39:39 2016

Number of nonzeros in lower triangle of Q = 45
Using Approximate Minimum Degree ordering
Total time for automatic ordering = 0.00 sec. (0.00 ticks)
Summary statistics for factor of Q:
  Rows in Factor            = 10
  Integer space required    = 10
  Total non-zeros in factor = 55
  Total FP ops to factor    = 385

Dual simplex solved model.


Log for 'Efficient_Frontier' Clone_2 (V12.6.3.0) Fri May 20 13:39:39 2016

Number of nonzeros in lower triangle of Q = 45
Using Approximate Minimum Degree ordering
Total time for automatic ordering = 0.00 sec. (0.00 ticks)
Summary statistics for factor of Q:
  Rows in Factor            = 10
  Integer space required    = 10
  Total non-zeros in factor = 55
  Total FP ops to factor    = 385

Dual simplex solved model.


Log for 'Efficient_Frontier' Clone_2 (V12.6.3.0) Fri May 20 13:39:39 2016

Number of nonzeros in lower triangle of Q = 45
Using Approximate Minimum Degree ordering
Total time for automatic ordering = 0.00 sec. (0.00 ticks)
Summary statistics for factor of Q:
  Rows in Factor            = 10
  Integer space required    = 10
  Total non-zeros in factor = 55
  Total FP ops to factor    = 385

Dual simplex solved model.


Log for 'Efficient_Frontier' Clone_2 (V12.6.3.0) Fri May 20 13:39:39 2016

Number of nonzeros in lower triangle of Q = 45
Using Approximate Minimum Degree ordering
Total time for automatic ordering = 0.00 sec. (0.00 ticks)
Summary statistics for factor of Q:
  Rows in Factor            = 10
  Integer space required    = 10
  Total non-zeros in factor = 55
  Total FP ops to factor    = 385

Dual simplex solved model.


Log for 'Efficient_Frontier' Clone_2 (V12.6.3.0) Fri May 20 13:39:39 2016

Number of nonzeros in lower triangle of Q = 45
Using Approximate Minimum Degree ordering
Total time for automatic ordering = 0.00 sec. (0.00 ticks)
Summary statistics for factor of Q:
  Rows in Factor            = 10
  Integer space required    = 10
  Total non-zeros in factor = 55
  Total FP ops to factor    = 385

Dual simplex solved model.


Log for 'Efficient_Frontier' Clone_2 (V12.6.3.0) Fri May 20 13:39:39 2016

Number of nonzeros in lower triangle of Q = 45
Using Approximate Minimum Degree ordering
Total time for automatic ordering = 0.00 sec. (0.00 ticks)
Summary statistics for factor of Q:
  Rows in Factor            = 10
  Integer space required    = 10
  Total non-zeros in factor = 55
  Total FP ops to factor    = 385

Dual simplex solved model.

